2024-04-17 01:07:28,895 - pyswarms.single.global_best - INFO - Optimize for 8 iters with {'c1': [1, 2, 3], 'c2': [1, 2, 3], 'w': [2, 3, 5], 'k': [5, 10, 15], 'p': 1}
2024-04-17 03:16:17,519 - pyswarms.single.global_best - INFO - Optimize for 8 iters with {'c1': 0.5, 'c2': 0.5, 'w': 0.9}
2024-04-17 12:12:19,553 - pyswarms.single.global_best - INFO - Optimize for 8 iters with {'c1': 0.5, 'c2': 0.5, 'w': 0.9}
2024-04-17 12:13:09,530 - pyswarms.single.global_best - INFO - Optimize for 8 iters with {'c1': 0.5, 'c2': 0.5, 'w': 0.9}
2024-04-17 13:21:42,412 - pyswarms.single.global_best - INFO - Optimize for 8 iters with {'c1': 0.5, 'c2': 0.5, 'w': 0.9}
2024-04-17 17:58:13,655 - pyswarms.single.global_best - INFO - Optimization finished | best cost: 486496.0, best pos: [7.90637735e+01 6.55090051e+01 9.57922256e+01 4.06578832e-02]
2024-04-22 23:46:44,868 - pyswarms.single.global_best - INFO - Optimize for 10 iters with {'c1': 0.5, 'c2': 0.5, 'w': 0.9}
2024-04-22 23:47:52,673 - pyswarms.single.global_best - INFO - Optimize for 10 iters with {'c1': 0.5, 'c2': 0.5, 'w': 0.9}
2024-04-22 23:48:54,101 - pyswarms.single.global_best - INFO - Optimize for 10 iters with {'c1': 0.5, 'c2': 0.5, 'w': 0.9}
2024-04-22 23:49:10,385 - pyswarms.single.global_best - INFO - Optimize for 10 iters with {'c1': 0.5, 'c2': 0.5, 'w': 0.9}
2024-04-22 23:50:36,018 - pyswarms.single.global_best - INFO - Optimize for 10 iters with {'c1': 0.5, 'c2': 0.5, 'w': 0.9}
2024-04-22 23:53:26,292 - pyswarms.single.global_best - INFO - Optimize for 10 iters with {'c1': 0.5, 'c2': 0.5, 'w': 0.9}
2024-04-22 23:53:54,757 - pyswarms.single.global_best - INFO - Optimization finished | best cost: 0.016304347826086956, best pos: [50.83519074 32.16121287 83.05109786  0.09344776]
2024-04-22 23:57:39,448 - pyswarms.single.global_best - INFO - Optimize for 100 iters with {'c1': 0.5, 'c2': 0.5, 'w': 0.9}
2024-04-23 01:34:17,379 - pyswarms.single.global_best - INFO - Optimization finished | best cost: 0.016304347826086956, best pos: [44.89151569 43.66270293 88.0447672   0.13611367]
2024-04-24 17:46:51,540 - pyswarms.single.global_best - INFO - Optimize for 50 iters with {'c1': 0.5, 'c2': 0.5, 'w': 0.9}
2024-04-24 17:49:21,763 - pyswarms.single.global_best - INFO - Optimize for 50 iters with {'c1': 0.5, 'c2': 0.5, 'w': 0.9}
2024-04-24 18:01:27,760 - pyswarms.single.global_best - INFO - Optimization finished | best cost: 0.036585365853658534, best pos: [11.0149499   9.96282577 46.19720621  0.80551736]
2024-04-24 18:01:28,330 - pyswarms.single.global_best - INFO - Optimize for 50 iters with {'c1': 0.5, 'c2': 0.5, 'w': 0.9}
2024-04-24 18:12:50,575 - pyswarms.single.global_best - INFO - Optimization finished | best cost: 0.052083333333333336, best pos: [90.02898522 56.3216607  73.33117401  0.85365731]
2024-04-24 18:12:51,127 - pyswarms.single.global_best - INFO - Optimize for 50 iters with {'c1': 0.5, 'c2': 0.5, 'w': 0.9}
2024-04-24 18:24:28,029 - pyswarms.single.global_best - INFO - Optimization finished | best cost: 0.061224489795918366, best pos: [ 7.97789539 39.34413878 54.90359569  0.94179328]
